<?xml version="1.0" encoding="UTF-8" ?>
<testsuite errors="0" failures="0" hostname="LAPTOP-N1N01563" name="container.PackageTest" skipped="0" tests="1" time="0.046" timestamp="2021-03-22T16:47:43">
  <properties>
    <property name="libs.jsp-compiler.javadoc" value="" />
    <property name="netbeans.autoupdate.country" value="SV" />
    <property name="libs.jakartaee-web-api-8.0.src" value="" />
    <property name="libs.graaljs.maven-pom" value="" />
    <property name="javac.test.classpath" value=":build/classes:D:/NetBeansProjects/Container/lib/junit_4/junit-4.12.jar:D:/NetBeansProjects/Container/lib/hamcrest/hamcrest-core-1.3.jar" />
    <property name="libs.jsf20.maven-pom" value="" />
    <property name="javac.test.sourcepath" value="D:\NetBeansProjects\Container\build\empty" />
    <property name="maven.defaultProjectBuilder.disableGlobalModelCache" value="true" />
    <property name="libs.spring-webmvc4.0.src" value="" />
    <property name="javac.includes" value="container/PackageTest.java" />
    <property name="ant.core.lib" value="D:\NetBeans-12.2\netbeans\extide\ant\lib\ant.jar" />
    <property name="javadoc.windowtitle" value="" />
    <property name="libs.jsp-compilation.javadoc" value="" />
    <property name="user.dir" value="D:\NetBeansProjects\Container" />
    <property name="libs.javaee-api-7.0.src" value="" />
    <property name="java.vm.version" value="25.281-b09" />
    <property name="libs.jakartaee-web-api-8.0.maven-pom" value="" />
    <property name="libs.eclipselinkmodelgen.src" value="" />
    <property name="jlink.additionalmodules" value="" />
    <property name="javadoc.notree" value="false" />
    <property name="netbeans.autoupdate.version" value="1.23" />
    <property name="libs.javaee-web-api-6.0.classpath" value="D:\NetBeans-12.2\netbeans\enterprise\modules\ext\javaee-web-api-6.0.jar" />
    <property name="libs.Java-EE-Payara-v5.src" value="" />
    <property name="javac.profile.cmd.line.arg" value="" />
    <property name="jdk.home" value="C:\Program Files\Java\jdk-15.0.2" />
    <property name="javadoc.noindex" value="false" />
    <property name="sun.os.patch.level" value="" />
    <property name="do.archive+manifest.available" value="true" />
    <property name="java.vm.specification.name" value="Java Virtual Machine Specification" />
    <property name="nb.show.statistics.ui" value="usageStatisticsEnabled" />
    <property name="netbeans.autoupdate.variant" value="" />
    <property name="have.tests" value="true" />
    <property name="org.xml.sax.driver" value="com.sun.org.apache.xerces.internal.jaxp.SAXParserImpl$JAXPSAXParser" />
    <property name="libs.hamcrest.classpath" value="D:/NetBeansProjects/Container/lib/hamcrest/hamcrest-core-1.3.jar" />
    <property name="os.name" value="Windows 10" />
    <property name="test.class" value="container.PackageTest" />
    <property name="jdk.gtk.version" value="2.2" />
    <property name="libs.javaee-endorsed-api-7.0.maven-pom" value="" />
    <property name="ap.proc.none.internal" value="" />
    <property name="libs.restapi.javadoc" value="" />
    <property name="libs.JWSAntTasks.maven-pom" value="" />
    <property name="libs.jstl.classpath" value="D:\NetBeans-12.2\netbeans\enterprise\modules\ext\jstl-impl.jar;D:\NetBeans-12.2\netbeans\enterprise\modules\ext\jstl-api.jar" />
    <property name="libs.testng.src" value="" />
    <property name="libs.spring-webmvc3.0.src" value="" />
    <property name="libs.restapi.classpath" value="D:\NetBeans-12.2\netbeans\enterprise\modules\ext\jaxrs-2.0\javax.ws.rs-api-2.0.jar" />
    <property name="java.vendor.url.bug" value="http://bugreport.sun.com/bugreport/" />
    <property name="libs.jaxb.maven-pom" value="" />
    <property name="os.arch" value="amd64" />
    <property name="libs.eclipselink.src" value="" />
    <property name="user.name" value="carlo" />
    <property name="libs.jsf12.javadoc" value="D:\NetBeans-12.2\netbeans\enterprise\docs\javaee-doc-api.jar" />
    <property name="copylibs.rebase" value="true" />
    <property name="libs.spring-webmvc5.0.javadoc" value="" />
    <property name="libs.spring-framework500.classpath" value="D:\NetBeans-12.2\netbeans\platform\modules\org-apache-commons-logging.jar;D:\NetBeans-12.2\netbeans\java\modules\ext\cglib-2.2.jar;D:\NetBeans-12.2\netbeans\java\modules\ext\spring-5\spring-aop-5.2.9.RELEASE.jar;D:\NetBeans-12.2\netbeans\java\modules\ext\spring-5\spring-aspects-5.2.9.RELEASE.jar;D:\NetBeans-12.2\netbeans\java\modules\ext\spring-5\spring-beans-5.2.9.RELEASE.jar;D:\NetBeans-12.2\netbeans\java\modules\ext\spring-5\spring-context-5.2.9.RELEASE.jar;D:\NetBeans-12.2\netbeans\java\modules\ext\spring-5\spring-context-indexer-5.2.9.RELEASE.jar;D:\NetBeans-12.2\netbeans\java\modules\ext\spring-5\spring-context-support-5.2.9.RELEASE.jar;D:\NetBeans-12.2\netbeans\java\modules\ext\spring-5\spring-core-5.2.9.RELEASE.jar;D:\NetBeans-12.2\netbeans\java\modules\ext\spring-5\spring-expression-5.2.9.RELEASE.jar;D:\NetBeans-12.2\netbeans\java\modules\ext\spring-5\spring-instrument-5.2.9.RELEASE.jar;D:\NetBeans-12.2\netbeans\java\modules\ext\spring-5\spring-jcl-5.2.9.RELEASE.jar;D:\NetBeans-12.2\netbeans\java\modules\ext\spring-5\spring-jdbc-5.2.9.RELEASE.jar;D:\NetBeans-12.2\netbeans\java\modules\ext\spring-5\spring-jms-5.2.9.RELEASE.jar;D:\NetBeans-12.2\netbeans\java\modules\ext\spring-5\spring-messaging-5.2.9.RELEASE.jar;D:\NetBeans-12.2\netbeans\java\modules\ext\spring-5\spring-orm-5.2.9.RELEASE.jar;D:\NetBeans-12.2\netbeans\java\modules\ext\spring-5\spring-oxm-5.2.9.RELEASE.jar;D:\NetBeans-12.2\netbeans\java\modules\ext\spring-5\spring-test-5.2.9.RELEASE.jar;D:\NetBeans-12.2\netbeans\java\modules\ext\spring-5\spring-tx-5.2.9.RELEASE.jar;D:\NetBeans-12.2\netbeans\java\modules\ext\spring-5\spring-web-5.2.9.RELEASE.jar;D:\NetBeans-12.2\netbeans\java\modules\ext\spring-5\spring-webflux-5.2.9.RELEASE.jar;D:\NetBeans-12.2\netbeans\java\modules\ext\spring-5\spring-webmvc-5.2.9.RELEASE.jar;D:\NetBeans-12.2\netbeans\java\modules\ext\spring-5\spring-websocket-5.2.9.RELEASE.jar" />
    <property name="libs.spring-webmvc3.0.maven-pom" value="" />
    <property name="sun.java.command" value="org.apache.tools.ant.taskdefs.optional.junit.JUnitTestRunner container.PackageTest skipNonTests=false filtertrace=true haltOnError=false haltOnFailure=false showoutput=true outputtoformatters=true logfailedtests=true threadid=0 logtestlistenerevents=true formatter=org.apache.tools.ant.taskdefs.optional.junit.BriefJUnitResultFormatter formatter=org.apache.tools.ant.taskdefs.optional.junit.XMLJUnitResultFormatter,D:\NetBeansProjects\Container\build\test\results\TEST-container.PackageTest.xml crashfile=D:\NetBeansProjects\Container\build\junitvmwatcher2244794405621397915.properties propsfile=D:\NetBeansProjects\Container\build\junit112018505364173815.properties" />
    <property name="build.classes.dir" value="build/classes" />
    <property name="build.sysclasspath" value="ignore" />
    <property name="manifest.encoding" value="UTF-8" />
    <property name="ap.supported.internal" value="true" />
    <property name="java.failonerror" value="true" />
    <property name="libs.EclipseLink-GlassFish-v5.src" value="" />
    <property name="ant.file.type.Container-impl" value="file" />
    <property name="libs.javaee-api-8.0.maven-pom" value="" />
    <property name="run.modulepath" value="" />
    <property name="libs.javaee-endorsed-api-7.0.javadoc" value="D:\NetBeans-12.2\netbeans\enterprise\docs\javaee-doc-api.jar" />
    <property name="libs.jaxws21.javadoc" value="D:\NetBeans-12.2\netbeans\java\docs\jaxws-api-doc.zip" />
    <property name="jdk.debug" value="release" />
    <property name="libs.spring-webmvc4.0.javadoc" value="" />
    <property name="includes" value="**" />
    <property name="user.country" value="SV" />
    <property name="manifest.file" value="manifest.mf" />
    <property name="javadoc.encoding" value="UTF-8" />
    <property name="platform.home" value="C:\Program Files\Java\jdk1.8.0_281" />
    <property name="javac.classpath" value="" />
    <property name="libs.jsp-compilation-syscp.src" value="" />
    <property name="libs.spring-framework400.classpath" value="D:\NetBeans-12.2\netbeans\platform\modules\org-apache-commons-logging.jar;D:\NetBeans-12.2\netbeans\java\modules\ext\cglib-2.2.jar;D:\NetBeans-12.2\netbeans\java\modules\ext\spring-4\spring-aop-4.3.29.RELEASE.jar;D:\NetBeans-12.2\netbeans\java\modules\ext\spring-4\spring-aspects-4.3.29.RELEASE.jar;D:\NetBeans-12.2\netbeans\java\modules\ext\spring-4\spring-beans-4.3.29.RELEASE.jar;D:\NetBeans-12.2\netbeans\java\modules\ext\spring-4\spring-context-4.3.29.RELEASE.jar;D:\NetBeans-12.2\netbeans\java\modules\ext\spring-4\spring-context-support-4.3.29.RELEASE.jar;D:\NetBeans-12.2\netbeans\java\modules\ext\spring-4\spring-core-4.3.29.RELEASE.jar;D:\NetBeans-12.2\netbeans\java\modules\ext\spring-4\spring-expression-4.3.29.RELEASE.jar;D:\NetBeans-12.2\netbeans\java\modules\ext\spring-4\spring-instrument-4.3.29.RELEASE.jar;D:\NetBeans-12.2\netbeans\java\modules\ext\spring-4\spring-instrument-tomcat-4.3.29.RELEASE.jar;D:\NetBeans-12.2\netbeans\java\modules\ext\spring-4\spring-jdbc-4.3.29.RELEASE.jar;D:\NetBeans-12.2\netbeans\java\modules\ext\spring-4\spring-jms-4.3.29.RELEASE.jar;D:\NetBeans-12.2\netbeans\java\modules\ext\spring-4\spring-messaging-4.3.29.RELEASE.jar;D:\NetBeans-12.2\netbeans\java\modules\ext\spring-4\spring-orm-4.3.29.RELEASE.jar;D:\NetBeans-12.2\netbeans\java\modules\ext\spring-4\spring-oxm-4.3.29.RELEASE.jar;D:\NetBeans-12.2\netbeans\java\modules\ext\spring-4\spring-test-4.3.29.RELEASE.jar;D:\NetBeans-12.2\netbeans\java\modules\ext\spring-4\spring-tx-4.3.29.RELEASE.jar;D:\NetBeans-12.2\netbeans\java\modules\ext\spring-4\spring-web-4.3.29.RELEASE.jar;D:\NetBeans-12.2\netbeans\java\modules\ext\spring-4\spring-webmvc-4.3.29.RELEASE.jar;D:\NetBeans-12.2\netbeans\java\modules\ext\spring-4\spring-webmvc-portlet-4.3.29.RELEASE.jar;D:\NetBeans-12.2\netbeans\java\modules\ext\spring-4\spring-websocket-4.3.29.RELEASE.jar" />
    <property name="platform.bootcp" value="C:\Program Files\Java\jdk1.8.0_281\jre\lib\resources.jar;C:\Program Files\Java\jdk1.8.0_281\jre\lib\rt.jar;C:\Program Files\Java\jdk1.8.0_281\jre\lib\sunrsasign.jar;C:\Program Files\Java\jdk1.8.0_281\jre\lib\jsse.jar;C:\Program Files\Java\jdk1.8.0_281\jre\lib\jce.jar;C:\Program Files\Java\jdk1.8.0_281\jre\lib\charsets.jar;C:\Program Files\Java\jdk1.8.0_281\jre\lib\jfr.jar;C:\Program Files\Java\jdk1.8.0_281\jre\classes;C:\Program Files\Java\jdk1.8.0_281\jre\lib\ext\access-bridge-64.jar;C:\Program Files\Java\jdk1.8.0_281\jre\lib\ext\cldrdata.jar;C:\Program Files\Java\jdk1.8.0_281\jre\lib\ext\dnsns.jar;C:\Program Files\Java\jdk1.8.0_281\jre\lib\ext\jaccess.jar;C:\Program Files\Java\jdk1.8.0_281\jre\lib\ext\jfxrt.jar;C:\Program Files\Java\jdk1.8.0_281\jre\lib\ext\localedata.jar;C:\Program Files\Java\jdk1.8.0_281\jre\lib\ext\nashorn.jar;C:\Program Files\Java\jdk1.8.0_281\jre\lib\ext\sunec.jar;C:\Program Files\Java\jdk1.8.0_281\jre\lib\ext\sunjce_provider.jar;C:\Program Files\Java\jdk1.8.0_281\jre\lib\ext\sunmscapi.jar;C:\Program Files\Java\jdk1.8.0_281\jre\lib\ext\sunpkcs11.jar;C:\Program Files\Java\jdk1.8.0_281\jre\lib\ext\zipfs.jar" />
    <property name="debug-transport" value="dt_shmem" />
    <property name="libs.Java-EE-Payara-v5.classpath" value="C:\Users\carlo\Payara_Server\glassfish\modules\hibernate-validator.jar;C:\Users\carlo\Payara_Server\glassfish\modules\jakarta.activation-api.jar;C:\Users\carlo\Payara_Server\glassfish\modules\jakarta.activation.jar;C:\Users\carlo\Payara_Server\glassfish\modules\jakarta.annotation-api.jar;C:\Users\carlo\Payara_Server\glassfish\modules\jakarta.batch-api.jar;C:\Users\carlo\Payara_Server\glassfish\modules\jakarta.ejb-api.jar;C:\Users\carlo\Payara_Server\glassfish\modules\jakarta.el.jar;C:\Users\carlo\Payara_Server\glassfish\modules\jakarta.enterprise.cdi-api.jar;C:\Users\carlo\Payara_Server\glassfish\modules\jakarta.enterprise.concurrent-api.jar;C:\Users\carlo\Payara_Server\glassfish\modules\jakarta.enterprise.deploy-api.jar;C:\Users\carlo\Payara_Server\glassfish\modules\jakarta.faces.jar;C:\Users\carlo\Payara_Server\glassfish\modules\jakarta.inject.jar;C:\Users\carlo\Payara_Server\glassfish\modules\jakarta.interceptor-api.jar;C:\Users\carlo\Payara_Server\glassfish\modules\jakarta.jms-api.jar;C:\Users\carlo\Payara_Server\glassfish\modules\jakarta.json.bind-api.jar;C:\Users\carlo\Payara_Server\glassfish\modules\jakarta.json.jar;C:\Users\carlo\Payara_Server\glassfish\modules\jakarta.jws-api.jar;C:\Users\carlo\Payara_Server\glassfish\modules\jakarta.mail.jar;C:\Users\carlo\Payara_Server\glassfish\modules\jakarta.management.j2ee-api.jar;C:\Users\carlo\Payara_Server\glassfish\modules\jakarta.persistence.jar;C:\Users\carlo\Payara_Server\glassfish\modules\jakarta.resource-api.jar;C:\Users\carlo\Payara_Server\glassfish\modules\jakarta.security.auth.message-api.jar;C:\Users\carlo\Payara_Server\glassfish\modules\jakarta.security.enterprise-api.jar;C:\Users\carlo\Payara_Server\glassfish\modules\jakarta.security.jacc-api.jar;C:\Users\carlo\Payara_Server\glassfish\modules\jakarta.servlet-api.jar;C:\Users\carlo\Payara_Server\glassfish\modules\jakarta.servlet.jsp-api.jar;C:\Users\carlo\Payara_Server\glassfish\modules\jakarta.servlet.jsp.jstl-api.jar;C:\Users\carlo\Payara_Server\glassfish\modules\jakarta.transaction-api.jar;C:\Users\carlo\Payara_Server\glassfish\modules\jakarta.validation-api.jar;C:\Users\carlo\Payara_Server\glassfish\modules\jakarta.websocket-api.jar;C:\Users\carlo\Payara_Server\glassfish\modules\jakarta.ws.rs-api.jar;C:\Users\carlo\Payara_Server\glassfish\modules\jakarta.xml.bind-api.jar;C:\Users\carlo\Payara_Server\glassfish\modules\jakarta.xml.registry-api.jar;C:\Users\carlo\Payara_Server\glassfish\modules\jakarta.xml.rpc-api.jar;C:\Users\carlo\Payara_Server\glassfish\modules\jakarta.xml.ws-api.jar;C:\Users\carlo\Payara_Server\glassfish\modules\javax.enterprise.concurrent.jar;C:\Users\carlo\Payara_Server\glassfish\modules\javax.security.enterprise.jar;C:\Users\carlo\Payara_Server\glassfish\modules\javax.servlet.jsp.jar;C:\Users\carlo\Payara_Server\glassfish\modules\javax.servlet.jsp.jstl.jar;C:\Users\carlo\Payara_Server\glassfish\modules\jaxb-osgi.jar;C:\Users\carlo\Payara_Server\glassfish\modules\webservices-osgi.jar;C:\Users\carlo\Payara_Server\glassfish\modules\weld-osgi-bundle.jar;C:\Users\carlo\Payara_Server\mq\lib\jaxm-api.jar;C:\Users\carlo\Payara_Server\glassfish\modules\microprofile-config-api.jar;C:\Users\carlo\Payara_Server\glassfish\modules\microprofile-fault-tolerance-api.jar;C:\Users\carlo\Payara_Server\glassfish\modules\microprofile-health-api.jar;C:\Users\carlo\Payara_Server\glassfish\modules\microprofile-jwt-auth-api.jar;C:\Users\carlo\Payara_Server\glassfish\modules\microprofile-metrics-api.jar;C:\Users\carlo\Payara_Server\glassfish\modules\microprofile-openapi-api.jar;C:\Users\carlo\Payara_Server\glassfish\modules\microprofile-opentracing-api.jar;C:\Users\carlo\Payara_Server\glassfish\modules\microprofile-rest-client-api.jar;C:\Users\carlo\Payara_Server\glassfish\modules\jackson-annotations.jar;C:\Users\carlo\Payara_Server\glassfish\modules\jackson-core.jar;C:\Users\carlo\Payara_Server\glassfish\modules\jackson-databind.jar;C:\Users\carlo\Payara_Server\glassfish\modules\jackson-dataformat-xml.jar;C:\Users\carlo\Payara_Server\glassfish\modules\jackson-dataformat-yaml.jar;C:\Users\carlo\Payara_Server\glassfish\modules\jackson-module-jaxb-annotations.jar;C:\Users\carlo\Payara_Server\glassfish\modules\jersey-bean-validation.jar;C:\Users\carlo\Payara_Server\glassfish\modules\jersey-cdi1x-servlet.jar;C:\Users\carlo\Payara_Server\glassfish\modules\jersey-cdi1x-transaction.jar;C:\Users\carlo\Payara_Server\glassfish\modules\jersey-cdi1x.jar;C:\Users\carlo\Payara_Server\glassfish\modules\jersey-client.jar;C:\Users\carlo\Payara_Server\glassfish\modules\jersey-common.jar;C:\Users\carlo\Payara_Server\glassfish\modules\jersey-container-grizzly2-http.jar;C:\Users\carlo\Payara_Server\glassfish\modules\jersey-container-servlet-core.jar;C:\Users\carlo\Payara_Server\glassfish\modules\jersey-container-servlet.jar;C:\Users\carlo\Payara_Server\glassfish\modules\jersey-entity-filtering.jar;C:\Users\carlo\Payara_Server\glassfish\modules\jersey-gf-ejb.jar;C:\Users\carlo\Payara_Server\glassfish\modules\jersey-hk2.jar;C:\Users\carlo\Payara_Server\glassfish\modules\jersey-media-jaxb.jar;C:\Users\carlo\Payara_Server\glassfish\modules\jersey-media-json-binding.jar;C:\Users\carlo\Payara_Server\glassfish\modules\jersey-media-json-jackson.jar;C:\Users\carlo\Payara_Server\glassfish\modules\jersey-media-json-processing.jar;C:\Users\carlo\Payara_Server\glassfish\modules\jersey-media-moxy.jar;C:\Users\carlo\Payara_Server\glassfish\modules\jersey-media-multipart.jar;C:\Users\carlo\Payara_Server\glassfish\modules\jersey-media-sse.jar;C:\Users\carlo\Payara_Server\glassfish\modules\jersey-mp-rest-client.jar;C:\Users\carlo\Payara_Server\glassfish\modules\jersey-mvc-connector.jar;C:\Users\carlo\Payara_Server\glassfish\modules\jersey-mvc-jsp.jar;C:\Users\carlo\Payara_Server\glassfish\modules\jersey-mvc.jar;C:\Users\carlo\Payara_Server\glassfish\modules\jersey-proxy-client.jar;C:\Users\carlo\Payara_Server\glassfish\modules\jersey-server.jar;C:\Users\carlo\Payara_Server\glassfish\modules\web-core.jar;C:\Users\carlo\Payara_Server\glassfish\modules\payara-api.jar" />
    <property name="netbeans.home" value="D:\NetBeans-12.2\netbeans\platform" />
    <property name="build.compiler.emacs" value="true" />
    <property name="libs.javaee-web-api-6.0.src" value="" />
    <property name="libs.jsp-compilation-syscp.classpath" value="D:\NetBeans-12.2\netbeans\extide\ant\lib\ant.jar;D:\NetBeans-12.2\netbeans\enterprise\modules\ext\servlet3.1-jsp2.3-api.jar;D:\NetBeans-12.2\netbeans\enterprise\modules\ext\glassfish-jspparser-4.0.jar;D:\NetBeans-12.2\netbeans\enterprise\modules\ext\jstl-impl.jar;D:\NetBeans-12.2\netbeans\enterprise\modules\ext\jsf-2_2\javax.faces.jar" />
    <property name="javac.modulepath" value="" />
    <property name="java.endorsed.dirs" value="C:\Program Files\Java\jdk1.8.0_281\jre\lib\endorsed" />
    <property name="libs.groovy-all.src" value="" />
    <property name="libs.junit_5.src" value="D:\NetBeans-12.2\netbeans\platform\docs\junit-jupiter-api-5.6.0-sources.jar;D:\NetBeans-12.2\netbeans\platform\docs\junit-jupiter-params-5.6.0-sources.jar;D:\NetBeans-12.2\netbeans\platform\docs\junit-jupiter-engine-5.6.0-sources.jar" />
    <property name="test.includes" value="container/PackageTest.java" />
    <property name="libs.jakartaee-api-8.0.classpath" value="D:\NetBeans-12.2\netbeans\enterprise\modules\ext\jakarta.jakartaee-api-8.0.0.jar" />
    <property name="netbeans.dynamic.classpath" value="D:\NetBeans-12.2\netbeans\platform\core\asm-8.0.1.jar;D:\NetBeans-12.2\netbeans\platform\core\asm-commons-8.0.1.jar;D:\NetBeans-12.2\netbeans\platform\core\asm-tree-8.0.1.jar;D:\NetBeans-12.2\netbeans\platform\core\core-base.jar;D:\NetBeans-12.2\netbeans\platform\core\core.jar;D:\NetBeans-12.2\netbeans\platform\core\org-netbeans-libs-asm.jar;D:\NetBeans-12.2\netbeans\platform\core\org-openide-filesystems-compat8.jar;D:\NetBeans-12.2\netbeans\platform\core\org-openide-filesystems.jar;D:\NetBeans-12.2\netbeans\nb\core\org-netbeans-upgrader.jar;D:\NetBeans-12.2\netbeans\nb\core\locale\core_nb.jar" />
    <property name="java.vm.specification.version" value="1.8" />
    <property name="plugin.manager.check.updates" value="false" />
    <property name="libs.primefaces.classpath" value="D:\NetBeans-12.2\netbeans\enterprise\modules\ext\primefaces\primefaces-5.0.jar" />
    <property name="libs.javaee-api-6.0.classpath" value="D:\NetBeans-12.2\netbeans\enterprise\modules\ext\javaee-api-6.0.jar" />
    <property name="libs.groovy-all.maven-pom" value="" />
    <property name="netbeans.productversion" value="Apache NetBeans IDE 12.2" />
    <property name="libs.jaxws21.src" value="" />
    <property name="do.archive" value="true" />
    <property name="libs.spring-webmvc5.0.classpath" value="D:\NetBeans-12.2\netbeans\java\modules\ext\spring-5\spring-webmvc-5.2.9.RELEASE.jar" />
    <property name="netbeans.autoupdate.language" value="es" />
    <property name="java.vendor" value="Oracle Corporation" />
    <property name="libs.javaee-api-6.0.javadoc" value="D:\NetBeans-12.2\netbeans\enterprise\docs\javaee-doc-api.jar" />
    <property name="jar.index.metainf" value="false" />
    <property name="javac.debug" value="true" />
    <property name="javadoc.splitindex" value="true" />
    <property name="file.separator" value="\" />
    <property name="javac.includesfile.binary" value="D:\NetBeansProjects\Container\null1766377317" />
    <property name="libs.junit_4.maven-pom" value="" />
    <property name="mkdist.disabled" value="false" />
    <property name="javac.test.processorpath" value=":build/classes:D:/NetBeansProjects/Container/lib/junit_4/junit-4.12.jar:D:/NetBeansProjects/Container/lib/hamcrest/hamcrest-core-1.3.jar" />
    <property name="netbeans.buildnumber" value="12.2-d73d3dd898acc440c460924dabf8ad5feb90369f" />
    <property name="libs.JWSAntTasks.javadoc" value="" />
    <property name="build.generated.sources.dir" value="build/generated-sources" />
    <property name="user.variant" value="" />
    <property name="libs.eclipselinkmodelgen.classpath" value="D:\NetBeans-12.2\netbeans\java\modules\ext\eclipselink\org.eclipse.persistence.jpa.modelgen.processor-2.7.7.jar" />
    <property name="libs.javaee-endorsed-api-7.0.src" value="" />
    <property name="sun.java.launcher" value="SUN_STANDARD" />
    <property name="libs.jaxb.javadoc" value="D:\NetBeans-12.2\netbeans\ide\docs\jaxb-api-doc.jar" />
    <property name="libs.struts.classpath" value="D:\NetBeans-12.2\netbeans\enterprise\modules\ext\struts\antlr-2.7.2.jar;D:\NetBeans-12.2\netbeans\enterprise\modules\ext\struts\bsf-2.3.0.jar;D:\NetBeans-12.2\netbeans\enterprise\modules\ext\struts\commons-beanutils-1.8.0.jar;D:\NetBeans-12.2\netbeans\enterprise\modules\ext\struts\commons-chain-1.2.jar;D:\NetBeans-12.2\netbeans\enterprise\modules\ext\struts\commons-digester-1.8.jar;D:\NetBeans-12.2\netbeans\enterprise\modules\ext\struts\commons-fileupload-1.1.1.jar;D:\NetBeans-12.2\netbeans\enterprise\modules\ext\struts\commons-io-1.1.jar;D:\NetBeans-12.2\netbeans\enterprise\modules\ext\struts\commons-logging-1.0.4.jar;D:\NetBeans-12.2\netbeans\enterprise\modules\ext\struts\commons-validator-1.3.1.jar;D:\NetBeans-12.2\netbeans\enterprise\modules\ext\struts\jstl-1.0.2.jar;D:\NetBeans-12.2\netbeans\enterprise\modules\ext\struts\oro-2.0.8.jar;D:\NetBeans-12.2\netbeans\enterprise\modules\ext\struts\standard-1.0.6.jar;D:\NetBeans-12.2\netbeans\enterprise\modules\ext\struts\struts-core-1.3.10.jar;D:\NetBeans-12.2\netbeans\enterprise\modules\ext\struts\struts-el-1.3.10.jar;D:\NetBeans-12.2\netbeans\enterprise\modules\ext\struts\struts-extras-1.3.10.jar;D:\NetBeans-12.2\netbeans\enterprise\modules\ext\struts\struts-faces-1.3.10.jar;D:\NetBeans-12.2\netbeans\enterprise\modules\ext\struts\struts-mailreader-dao-1.3.10.jar;D:\NetBeans-12.2\netbeans\enterprise\modules\ext\struts\struts-scripting-1.3.10.jar;D:\NetBeans-12.2\netbeans\enterprise\modules\ext\struts\struts-taglib-1.3.10.jar;D:\NetBeans-12.2\netbeans\enterprise\modules\ext\struts\struts-tiles-1.3.10.jar" />
    <property name="javac.includes.binary" value="D:\NetBeansProjects\Container\build\test\classes\container\PackageTest.class" />
    <property name="ant.home" value="D:\NetBeans-12.2\netbeans\extide\ant" />
    <property name="libs.junit_4.src" value="D:/NetBeansProjects/Container/lib/junit_4/junit-4.12-sources.jar" />
    <property name="libs.testng.classpath" value="D:\NetBeans-12.2\netbeans\platform\modules\ext\testng-6.14.3.jar;D:\NetBeans-12.2\netbeans\platform\modules\ext\jcommander-1.78.jar" />
    <property name="libs.absolutelayout.maven-pom" value="" />
    <property name="ant.java.version" value="15" />
    <property name="java.library.path" value="C:\Program Files\Java\jdk1.8.0_281\bin;C:\WINDOWS\Sun\Java\bin;C:\WINDOWS\system32;C:\WINDOWS;C:\Users\carlo\AppData\Local\Programs\Python\Python39\Scripts\;C:\Users\carlo\AppData\Local\Programs\Python\Python39\;C:\Program Files (x86)\Common Files\Oracle\Java\javapath;C:\Program Files\Common Files\Oracle\Java\javapath;C:\Windows\system32;C:\Windows;C:\Windows\System32\Wbem;C:\Windows\System32\WindowsPowerShell\v1.0\;C:\Windows\System32\OpenSSH\;C:\Program Files (x86)\NVIDIA Corporation\PhysX\Common;C:\Program Files\NVIDIA Corporation\NVIDIA NvDLISR;C:\WINDOWS\system32;C:\WINDOWS;C:\WINDOWS\System32\Wbem;C:\WINDOWS\System32\WindowsPowerShell\v1.0\;C:\WINDOWS\System32\OpenSSH\;D:\Git\cmd;C:\WINDOWS\system32;C:\WINDOWS;C:\WINDOWS\System32\Wbem;C:\WINDOWS\System32\WindowsPowerShell\v1.0\;C:\WINDOWS\System32\OpenSSH\;C:\ProgramData\chocolatey\bin;C:\ProgramData\ComposerSetup\bin;C:\Program Files\nodejs\;C:\Users\carlo\AppData\Local\Programs\Python\Python38\Scripts\;C:\Users\carlo\AppData\Local\Programs\Python\Python38\;C:\Program Files\MySQL\MySQL Shell 8.0\bin\;C:\Users\carlo\AppData\Local\Programs\Python\Python39\Scripts\;C:\Users\carlo\AppData\Local\Programs\Python\Python39\;C:\Users\carlo\AppData\Local\Programs\Python\Python39\python.exe;C:\xampp\php;C:\Program Files\MySQL\MySQL Server 8.0\bin;C:\Program Files\php-8.0.2;C:\Program Files\php-7.4.15;C:\Users\carlo\AppData\Local\gitkraken\bin;C:\Users\carlo\AppData\Local\hyper\app-3.0.2\resources\bin;C:\Users\carlo\AppData\Local\Programs\Microsoft VS Code\bin;C:\Users\carlo\AppData\Roaming\Composer\vendor\bin;C:\Program Files\nodejs;C:\Users\carlo\AppData\Roaming\npm;C:\Users\carlo\AppData\Local\Programs\Microsoft VS Code;;." />
    <property name="javadoc.author" value="false" />
    <property name="libs.metro.maven-pom" value="" />
    <property name="java.util.logging.config.class" value="org.netbeans.core.startup.TopLogging" />
    <property name="libs.spring-framework400.src" value="" />
    <property name="libs.PostgreSQLDriver.src" value="" />
    <property name="libs.graaljs.javadoc" value="" />
    <property name="libs.spring-framework500.javadoc" value="" />
    <property name="libs.graaljs.src" value="" />
    <property name="sun.arch.data.model" value="64" />
    <property name="basedir" value="D:\NetBeansProjects\Container" />
    <property name="libs.jpa20-persistence.maven-pom" value="" />
    <property name="jar.compress" value="false" />
    <property name="libs.javaee-web-api-7.0.classpath" value="D:\NetBeans-12.2\netbeans\enterprise\modules\ext\javaee-web-api-7.0.jar" />
    <property name="path.separator" value=";" />
    <property name="libs.javaee-web-api-6.0.javadoc" value="D:\NetBeans-12.2\netbeans\enterprise\docs\javaee-doc-api.jar" />
    <property name="ant.junit.enabletestlistenerevents" value="true" />
    <property name="libs.junit_4.prop-maven-dependencies" value="junit:junit:4.12:jar" />
    <property name="platform.javac" value="C:\Program Files\Java\jdk1.8.0_281/bin/javac" />
    <property name="sun.io.unicode.encoding" value="UnicodeLittle" />
    <property name="libs.jaxws21.classpath" value="D:\NetBeans-12.2\netbeans\ide\modules\ext\jaxb\jaxb-impl.jar;D:\NetBeans-12.2\netbeans\ide\modules\ext\jaxb\jaxb-xjc.jar;D:\NetBeans-12.2\netbeans\java\modules\ext\jaxws22\FastInfoset.jar;D:\NetBeans-12.2\netbeans\java\modules\ext\jaxws22\gmbal-api-only.jar;D:\NetBeans-12.2\netbeans\java\modules\ext\jaxws22\ha-api.jar;D:\NetBeans-12.2\netbeans\java\modules\ext\jaxws22\javax.mail_1.4.jar;D:\NetBeans-12.2\netbeans\java\modules\ext\jaxws22\jaxws-rt.jar;D:\NetBeans-12.2\netbeans\java\modules\ext\jaxws22\jaxws-tools.jar;D:\NetBeans-12.2\netbeans\java\modules\ext\jaxws22\management-api.jar;D:\NetBeans-12.2\netbeans\java\modules\ext\jaxws22\mimepull.jar;D:\NetBeans-12.2\netbeans\java\modules\ext\jaxws22\policy.jar;D:\NetBeans-12.2\netbeans\java\modules\ext\jaxws22\saaj-impl.jar;D:\NetBeans-12.2\netbeans\java\modules\ext\jaxws22\stax-ex.jar;D:\NetBeans-12.2\netbeans\java\modules\ext\jaxws22\stax2-api.jar;D:\NetBeans-12.2\netbeans\java\modules\ext\jaxws22\streambuffer.jar;D:\NetBeans-12.2\netbeans\java\modules\ext\jaxws22\woodstox-core-asl.jar;D:\NetBeans-12.2\netbeans\java\modules\ext\jaxws22\api\jaxws-api.jar;D:\NetBeans-12.2\netbeans\java\modules\ext\jaxws22\api\jsr181-api.jar;D:\NetBeans-12.2\netbeans\java\modules\ext\jaxws22\api\javax.annotation.jar;D:\NetBeans-12.2\netbeans\java\modules\ext\jaxws22\api\saaj-api.jar;D:\NetBeans-12.2\netbeans\ide\modules\ext\jaxb\activation.jar;D:\NetBeans-12.2\netbeans\ide\modules\ext\jaxb\api\jaxb-api.jar" />
    <property name="dist.jlink.output" value="dist/jlink/Container" />
    <property name="libs.struts.src" value="" />
    <property name="compile.on.save" value="true" />
    <property name="apple.awt.graphics.UseQuartz" value="true" />
    <property name="user.language" value="es" />
    <property name="libs.hamcrest.displayName" value="Hamcrest 1.3" />
    <property name="testng.mode" value="testng" />
    <property name="libs.JAXB-ENDORSED.maven-pom" value="" />
    <property name="libs.eclipselink.maven-pom" value="" />
    <property name="org.netbeans.io.suspend" value="0" />
    <property name="test.binaryincludes" value="&lt;nothing&gt;" />
    <property name="manifest.available" value="true" />
    <property name="libs.primefaces.javadoc" value="" />
    <property name="libs.spring-framework300.maven-pom" value="" />
    <property name="run.test.classpath" value=":build/classes:D:/NetBeansProjects/Container/lib/junit_4/junit-4.12.jar:D:/NetBeansProjects/Container/lib/hamcrest/hamcrest-core-1.3.jar:build/test/classes" />
    <property name="ant.project.invoked-targets" value="test-single" />
    <property name="test.binaryexcludes" value="" />
    <property name="sun.java2d.dpiaware" value="true" />
    <property name="https.nonProxyHosts" value="localhost|127.0.0.1|LAPTOP-N1N01563" />
    <property name="libs.PostgreSQLDriver.maven-pom" value="" />
    <property name="java.class.version" value="52.0" />
    <property name="libs.javaee-endorsed-api-6.0.src" value="" />
    <property name="libs.eclipselink.javadoc" value="D:\NetBeans-12.2\netbeans\java\modules\ext\docs\javax.persistence-2.2.1-doc.zip" />
    <property name="platforms.JDK_1.8.compiler" value="modern" />
    <property name="libs.jsp-compilation.maven-pom" value="" />
    <property name="user.properties.file" value="C:\Users\carlo\AppData\Roaming\NetBeans\12.2\build.properties" />
    <property name="runtime.encoding" value="UTF-8" />
    <property name="file.encoding.pkg" value="sun.io" />
    <property name="sun.cpu.endian" value="little" />
    <property name="libs.JAXB-ENDORSED.javadoc" value="" />
    <property name="libs.JWSAntTasks.classpath" value="D:\NetBeans-12.2\netbeans\java\ant\extra\org-netbeans-modules-javawebstart-anttasks.jar" />
    <property name="libs.spring-webmvc4.0.maven-pom" value="" />
    <property name="libs.EclipseLink-GlassFish-v5.classpath" value="C:\Users\carlo\Payara_Server\glassfish\modules\org.eclipse.persistence.antlr.jar;C:\Users\carlo\Payara_Server\glassfish\modules\org.eclipse.persistence.asm.jar;C:\Users\carlo\Payara_Server\glassfish\modules\org.eclipse.persistence.core.jar;C:\Users\carlo\Payara_Server\glassfish\modules\org.eclipse.persistence.dbws.jar;C:\Users\carlo\Payara_Server\glassfish\modules\org.eclipse.persistence.jpa.jar;C:\Users\carlo\Payara_Server\glassfish\modules\org.eclipse.persistence.jpa.jpql.jar;C:\Users\carlo\Payara_Server\glassfish\modules\org.eclipse.persistence.jpa.modelgen.processor.jar;C:\Users\carlo\Payara_Server\glassfish\modules\org.eclipse.persistence.moxy.jar;C:\Users\carlo\Payara_Server\glassfish\modules\org.eclipse.persistence.oracle.jar" />
    <property name="libs.spring-framework300.src" value="" />
    <property name="libs.jstl.src" value="" />
    <property name="empty.dir" value="D:\NetBeansProjects\Container\build\empty" />
    <property name="test.binarytestincludes" value="" />
    <property name="javadoc.preview" value="true" />
    <property name="libs.jpa20-persistence.javadoc" value="D:\NetBeans-12.2\netbeans\java\modules\ext\docs\javax.persistence-2.2.1-doc.zip" />
    <property name="java.home" value="C:\Program Files\Java\jdk1.8.0_281\jre" />
    <property name="libs.jsp-compilation.src" value="" />
    <property name="libs.jakartaee-web-api-8.0.javadoc" value="D:\NetBeans-12.2\netbeans\enterprise\docs\jakartaee8-doc-api.jar" />
    <property name="debug.test.classpath" value=":build/classes:D:/NetBeansProjects/Container/lib/junit_4/junit-4.12.jar:D:/NetBeansProjects/Container/lib/hamcrest/hamcrest-core-1.3.jar:build/test/classes" />
    <property name="libs.javaee-endorsed-api-6.0.classpath" value="D:\NetBeans-12.2\netbeans\enterprise\modules\ext\javaee6-endorsed\javax.annotation.jar;D:\NetBeans-12.2\netbeans\enterprise\modules\ext\javaee6-endorsed\jaxb-api-osgi.jar;D:\NetBeans-12.2\netbeans\enterprise\modules\ext\javaee6-endorsed\webservices-api-osgi.jar" />
    <property name="libs.javaee-api-6.0.src" value="" />
    <property name="libs.Java-EE-Payara-v5.javadoc" value="D:\NetBeans-12.2\netbeans\enterprise\docs\javaee-doc-api.jar" />
    <property name="netbeans.importclass" value="org.netbeans.upgrade.AutoUpgrade" />
    <property name="ant.project.default-target" value="default" />
    <property name="annotation.processing.run.all.processors" value="true" />
    <property name="ant.file.Container-impl" value="D:\NetBeansProjects\Container\nbproject\build-impl.xml" />
    <property name="libs.PostgreSQLDriver.javadoc" value="" />
    <property name="libs.restlib.classpath" value="D:\NetBeans-12.2\netbeans\enterprise\modules\ext\jersey2\ext\asm-all-repackaged-2.2.0-b21.jar;D:\NetBeans-12.2\netbeans\enterprise\modules\ext\jersey2\ext\cglib-2.2.0-b21.jar;D:\NetBeans-12.2\netbeans\enterprise\modules\ext\jersey2\ext\guava-14.0.1.jar;D:\NetBeans-12.2\netbeans\enterprise\modules\ext\jersey2\ext\hk2-api-2.2.0-b21.jar;D:\NetBeans-12.2\netbeans\enterprise\modules\ext\jersey2\ext\hk2-locator-2.2.0-b21.jar;D:\NetBeans-12.2\netbeans\enterprise\modules\ext\jersey2\ext\hk2-utils-2.2.0-b21.jar;D:\NetBeans-12.2\netbeans\enterprise\modules\ext\jersey2\ext\javax.annotation-api-1.2.jar;D:\NetBeans-12.2\netbeans\enterprise\modules\ext\jersey2\ext\javax.inject-2.2.0-b21.jar;D:\NetBeans-12.2\netbeans\enterprise\modules\ext\jersey2\ext\javax.servlet-api-3.0.1.jar;D:\NetBeans-12.2\netbeans\enterprise\modules\ext\jersey2\ext\jaxb-api-2.2.7.jar;D:\NetBeans-12.2\netbeans\enterprise\modules\ext\jersey2\ext\jersey-entity-filtering-2.5.1.jar;D:\NetBeans-12.2\netbeans\enterprise\modules\ext\jersey2\ext\jersey-media-moxy-2.5.1.jar;D:\NetBeans-12.2\netbeans\enterprise\modules\ext\jersey2\ext\org.osgi.core-4.2.0.jar;D:\NetBeans-12.2\netbeans\enterprise\modules\ext\jersey2\ext\osgi-resource-locator-1.0.1.jar;D:\NetBeans-12.2\netbeans\enterprise\modules\ext\jersey2\ext\persistence-api-1.0.jar;D:\NetBeans-12.2\netbeans\enterprise\modules\ext\jersey2\ext\validation-api-1.1.0.Final.jar;D:\NetBeans-12.2\netbeans\enterprise\modules\ext\jersey2\jersey-client.jar;D:\NetBeans-12.2\netbeans\enterprise\modules\ext\jersey2\jersey-common.jar;D:\NetBeans-12.2\netbeans\enterprise\modules\ext\jersey2\jersey-container-servlet.jar;D:\NetBeans-12.2\netbeans\enterprise\modules\ext\jersey2\jersey-container-servlet-core.jar;D:\NetBeans-12.2\netbeans\enterprise\modules\ext\jersey2\jersey-server.jar;D:\NetBeans-12.2\netbeans\java\modules\ext\eclipselink\org.eclipse.persistence.core-2.7.7.jar;D:\NetBeans-12.2\netbeans\java\modules\ext\eclipselink\org.eclipse.persistence.asm-2.7.7.jar;D:\NetBeans-12.2\netbeans\java\modules\ext\eclipselink\org.eclipse.persistence.antlr-2.7.7.jar;D:\NetBeans-12.2\netbeans\java\modules\ext\eclipselink\org.eclipse.persistence.jpa-2.7.7.jar;D:\NetBeans-12.2\netbeans\java\modules\ext\eclipselink\org.eclipse.persistence.jpa.jpql-2.7.7.jar;D:\NetBeans-12.2\netbeans\java\modules\ext\eclipselink\org.eclipse.persistence.moxy-2.7.7.jar" />
    <property name="libraries.dir.nativedirsep" value="D:\NetBeansProjects\Container\lib" />
    <property name="netbeans.extbrowser.manual_chrome_plugin_install" value="yes" />
    <property name="http.nonProxyHosts" value="localhost|127.0.0.1|LAPTOP-N1N01563" />
    <property name="libs.junit_4.javadoc" value="D:/NetBeansProjects/Container/lib/junit_4/junit-4.12-javadoc.jar" />
    <property name="platforms.JDK_1.8.bootclasspath" value="C:\Program Files\Java\jdk1.8.0_281\jre\lib\resources.jar;C:\Program Files\Java\jdk1.8.0_281\jre\lib\rt.jar;C:\Program Files\Java\jdk1.8.0_281\jre\lib\sunrsasign.jar;C:\Program Files\Java\jdk1.8.0_281\jre\lib\jsse.jar;C:\Program Files\Java\jdk1.8.0_281\jre\lib\jce.jar;C:\Program Files\Java\jdk1.8.0_281\jre\lib\charsets.jar;C:\Program Files\Java\jdk1.8.0_281\jre\lib\jfr.jar;C:\Program Files\Java\jdk1.8.0_281\jre\classes;C:\Program Files\Java\jdk1.8.0_281\jre\lib\ext\access-bridge-64.jar;C:\Program Files\Java\jdk1.8.0_281\jre\lib\ext\cldrdata.jar;C:\Program Files\Java\jdk1.8.0_281\jre\lib\ext\dnsns.jar;C:\Program Files\Java\jdk1.8.0_281\jre\lib\ext\jaccess.jar;C:\Program Files\Java\jdk1.8.0_281\jre\lib\ext\jfxrt.jar;C:\Program Files\Java\jdk1.8.0_281\jre\lib\ext\localedata.jar;C:\Program Files\Java\jdk1.8.0_281\jre\lib\ext\nashorn.jar;C:\Program Files\Java\jdk1.8.0_281\jre\lib\ext\sunec.jar;C:\Program Files\Java\jdk1.8.0_281\jre\lib\ext\sunjce_provider.jar;C:\Program Files\Java\jdk1.8.0_281\jre\lib\ext\sunmscapi.jar;C:\Program Files\Java\jdk1.8.0_281\jre\lib\ext\sunpkcs11.jar;C:\Program Files\Java\jdk1.8.0_281\jre\lib\ext\zipfs.jar" />
    <property name="javac.test.modulepath" value="" />
    <property name="libs.javaee-web-api-6.0.maven-pom" value="" />
    <property name="run.classpath" value=":build/classes" />
    <property name="jna.boot.library.name" value="jnidispatch-nb" />
    <property name="libs.javaee-endorsed-api-6.0.javadoc" value="D:\NetBeans-12.2\netbeans\enterprise\docs\javaee-doc-api.jar" />
    <property name="libs.javaee-api-7.0.classpath" value="D:\NetBeans-12.2\netbeans\enterprise\modules\ext\javaee-api-7.0.jar" />
    <property name="sun.awt.datatransfer.timeout" value="1000" />
    <property name="libs.spring-webmvc3.0.javadoc" value="" />
    <property name="annotation.processing.enabled.in.editor" value="false" />
    <property name="nb.native.filechooser" value="false" />
    <property name="libs.restapi.src" value="" />
    <property name="sun.management.compiler" value="HotSpot 64-Bit Tiered Compilers" />
    <property name="javac.deprecation" value="false" />
    <property name="javadoc.use" value="true" />
    <property name="sun.java2d.noddraw" value="true" />
    <property name="libs.jsp-compiler.classpath" value="D:\NetBeans-12.2\netbeans\enterprise\ant\extra\jspcompile.jar" />
    <property name="javac.processorpath" value="" />
    <property name="libs.hamcrest.maven-pom" value="" />
    <property name="libs.junit_5.classpath" value="D:\NetBeans-12.2\netbeans\platform\modules\ext\junit-jupiter-api-5.6.0.jar;D:\NetBeans-12.2\netbeans\platform\modules\ext\junit-jupiter-params-5.6.0.jar;D:\NetBeans-12.2\netbeans\platform\modules\ext\junit-jupiter-engine-5.6.0.jar" />
    <property name="javac.compilerargs" value="" />
    <property name="ant.file" value="D:\NetBeansProjects\Container\build.xml" />
    <property name="libs.jsf12.classpath" value="D:\NetBeans-12.2\netbeans\enterprise\modules\ext\jsf-1_2\jsf-api.jar;D:\NetBeans-12.2\netbeans\enterprise\modules\ext\jsf-1_2\jsf-impl.jar" />
    <property name="libs.jstl.maven-pom" value="" />
    <property name="libs.restapi.maven-pom" value="" />
    <property name="java.vm.specification.vendor" value="Oracle Corporation" />
    <property name="org.openide.major.version" value="IDE/1" />
    <property name="java.vm.name" value="Java HotSpot(TM) 64-Bit Server VM" />
    <property name="netbeans.user" value="C:\Users\carlo\AppData\Roaming\NetBeans\12.2" />
    <property name="javadoc.additionalparam" value="" />
    <property name="java.io.tmpdir" value="C:\Users\carlo\AppData\Local\Temp\" />
    <property name="java.vendor.url" value="http://java.oracle.com/" />
    <property name="endorsed.classpath.cmd.line.arg" value="" />
    <property name="jna.loaded" value="true" />
    <property name="junit.available" value="true" />
    <property name="libraries.basename" value="nblibraries" />
    <property name="libs.javaee-web-api-8.0.classpath" value="D:\NetBeans-12.2\netbeans\enterprise\modules\ext\javaee-web-api-8.0.jar" />
    <property name="libs.jsp-compiler.src" value="" />
    <property name="org.openide.awt.ActionReference.completion" value="org.netbeans.modules.apisupport.project.layers.PathCompletions" />
    <property name="sun.boot.library.path" value="C:\Program Files\Java\jdk1.8.0_281\jre\bin" />
    <property name="have.sources" value="true" />
    <property name="libs.graaljs.classpath" value="D:\NetBeans-12.2\netbeans\webcommon\modules\ext\js-20.2.0.jar;D:\NetBeans-12.2\netbeans\webcommon\modules\ext\js-launcher-20.2.0.jar;D:\NetBeans-12.2\netbeans\webcommon\modules\ext\regex-20.2.0.jar;D:\NetBeans-12.2\netbeans\webcommon\modules\ext\icu4j-67.1.jar;D:\NetBeans-12.2\netbeans\ide\modules\ext\graal-sdk-20.2.0.jar;D:\NetBeans-12.2\netbeans\ide\modules\ext\launcher-common-20.2.0.jar;D:\NetBeans-12.2\netbeans\ide\modules\ext\truffle-api-20.2.0.jar" />
    <property name="libs.hamcrest.javadoc" value="" />
    <property name="debug.classpath" value=":build/classes" />
    <property name="javac.external.vm" value="true" />
    <property name="javadoc.private" value="false" />
    <property name="libs.jakartaee-api-8.0.src" value="" />
    <property name="test.src.dir" value="test" />
    <property name="libs.jsf20.classpath" value="D:\NetBeans-12.2\netbeans\enterprise\modules\ext\jsf-2_2\javax.faces.jar" />
    <property name="ap.processors.internal" value="" />
    <property name="dist.jlink.dir" value="dist/jlink" />
    <property name="libs.javaee-api-8.0.javadoc" value="D:\NetBeans-12.2\netbeans\enterprise\docs\javaee-doc-api.jar" />
    <property name="meta.inf.dir" value="src/META-INF" />
    <property name="javadoc.encoding.used" value="UTF-8" />
    <property name="dist.jar" value="dist/Container.jar" />
    <property name="libs.spring-framework400.maven-pom" value="" />
    <property name="java.runtime.name" value="Java(TM) SE Runtime Environment" />
    <property name="libs.Java-EE-Payara-v5.maven-pom" value="" />
    <property name="debug.test.modulepath" value="" />
    <property name="ant.project.name" value="Container" />
    <property name="libs.spring-webmvc5.0.src" value="" />
    <property name="netbeans.hash.code" value="unique=NB_EXTIDE_JAVA_PHP_WEBCOMMON_WEBEE0016de3a3-6bcd-4b8e-81bd-d63c9025d952_f653eee6-6e06-4ef9-bb53-e17839b87678" />
    <property name="netbeans.default_userdir_root" value="C:\Users\carlo\AppData\Roaming\NetBeans" />
    <property name="libs.jsp-compilation-syscp.maven-pom" value="" />
    <property name="platform.javadoc" value="C:\Program Files\Java\jdk1.8.0_281/bin/javadoc" />
    <property name="platform.javadoc.tmp" value="${platforms.JDK_1.8.javadoc}" />
    <property name="sun.cpu.isalist" value="amd64" />
    <property name="libs.jakartaee-web-api-8.0.classpath" value="D:\NetBeans-12.2\netbeans\enterprise\modules\ext\jakarta.jakartaee-web-api-8.0.0.jar" />
    <property name="libs.spring-framework400.javadoc" value="" />
    <property name="libs.CopyLibs.javadoc" value="" />
    <property name="platform.compiler" value="${platforms.JDK_1.8.compile}" />
    <property name="libs.jakartaee-api-8.0.maven-pom" value="" />
    <property name="javadoc.html5" value="false" />
    <property name="org.openide.specification.version" value="6.2" />
    <property name="user.home" value="C:\Users\carlo" />
    <property name="annotation.processing.processors.list" value="" />
    <property name="libs.primefaces.maven-pom" value="" />
    <property name="sun.zip.disableMemoryMapping" value="true" />
    <property name="libs.javaee-api-6.0.maven-pom" value="" />
    <property name="platform.javac.tmp" value="${platforms.JDK_1.8.javac}" />
    <property name="libs.JWSAntTasks.src" value="" />
    <property name="jar.index" value="false" />
    <property name="libs.CopyLibs.maven-pom" value="" />
    <property name="libs.absolutelayout.javadoc" value="" />
    <property name="libs.spring-framework300.javadoc" value="" />
    <property name="java.specification.name" value="Java Platform API Specification" />
    <property name="guice.disable.misplaced.annotation.check" value="true" />
    <property name="libs.spring-webmvc5.0.maven-pom" value="" />
    <property name="libs.CopyLibs.prop-version" value="3.0" />
    <property name="do.archive+main.class.available" value="true" />
    <property name="libraries.dir" value="D:/NetBeansProjects/Container/lib" />
    <property name="java.specification.vendor" value="Oracle Corporation" />
    <property name="java.version" value="1.8.0_281" />
    <property name="javadoc.version" value="false" />
    <property name="run.jvmargs.ide" value="" />
    <property name="javac.processormodulepath" value="" />
    <property name="org.openide.version" value="deprecated" />
    <property name="source.encoding" value="UTF-8" />
    <property name="platform.java" value="C:\Program Files\Java\jdk1.8.0_281/bin/java" />
    <property name="ap.cmd.line.internal" value="" />
    <property name="java.vm.compressedOopsMode" value="Zero based" />
    <property name="libs.eclipselinkmodelgen.maven-pom" value="" />
    <property name="libs.jsp-compilation-syscp.javadoc" value="" />
    <property name="libs.javaee-web-api-8.0.src" value="" />
    <property name="libs.javaee-endorsed-api-7.0.classpath" value="D:\NetBeans-12.2\netbeans\enterprise\modules\ext\javaee7-endorsed\javax.annotation-api.jar;D:\NetBeans-12.2\netbeans\enterprise\modules\ext\javaee7-endorsed\javax.xml.soap-api.jar;D:\NetBeans-12.2\netbeans\enterprise\modules\ext\javaee7-endorsed\jaxb-api-osgi.jar;D:\NetBeans-12.2\netbeans\enterprise\modules\ext\javaee7-endorsed\jaxws-api.jar;D:\NetBeans-12.2\netbeans\enterprise\modules\ext\javaee7-endorsed\jsr181-api.jar" />
    <property name="libs.eclipselinkmodelgen.javadoc" value="" />
    <property name="libs.metro.javadoc" value="D:\NetBeans-12.2\netbeans\enterprise\docs\webservices-api-javadoc.jar;D:\NetBeans-12.2\netbeans\enterprise\docs\webservices-extra-javadoc.jar;D:\NetBeans-12.2\netbeans\enterprise\docs\webservices-extra-api-javadoc.jar;D:\NetBeans-12.2\netbeans\enterprise\docs\webservices-rt-javadoc.jar;D:\NetBeans-12.2\netbeans\enterprise\docs\webservices-tools-javadoc.jar" />
    <property name="libs.struts.maven-pom" value="" />
    <property name="jnidispatch.path" value="C:\Users\carlo\AppData\Local\Temp\jna-94431319\jna17854420000437044151.dll" />
    <property name="netbeans.home+have.tests" value="true" />
    <property name="annotation.processing.processor.options" value="" />
    <property name="libs.testng.maven-pom" value="" />
    <property name="libs.jaxb.src" value="" />
    <property name="work.dir" value="D:\NetBeansProjects\Container" />
    <property name="libs.jaxb.classpath" value="D:\NetBeans-12.2\netbeans\ide\modules\ext\jaxb\jaxb-impl.jar;D:\NetBeans-12.2\netbeans\ide\modules\ext\jaxb\jaxb-xjc.jar;D:\NetBeans-12.2\netbeans\ide\modules\ext\jaxb\jaxb1-impl.jar;D:\NetBeans-12.2\netbeans\ide\modules\ext\jaxb\activation.jar;D:\NetBeans-12.2\netbeans\ide\modules\ext\jaxb\api\jaxb-api.jar" />
    <property name="do.depend" value="false" />
    <property name="dist.javadoc.dir" value="dist/javadoc" />
    <property name="libs.spring-webmvc3.0.classpath" value="D:\NetBeans-12.2\netbeans\java\modules\ext\spring-3.0\spring-webmvc-3.2.18.RELEASE.jar" />
    <property name="libs.javaee-web-api-7.0.maven-pom" value="" />
    <property name="libs.restlib.src" value="" />
    <property name="javac.source" value="1.8" />
    <property name="build.generated.dir" value="build/generated" />
    <property name="java.version.date" value="2021-01-19" />
    <property name="line.separator" value="&#xd;&#xa;" />
    <property name="libs.javaee-api-8.0.classpath" value="D:\NetBeans-12.2\netbeans\enterprise\modules\ext\javaee-api-8.0.jar" />
    <property name="java.specification.version" value="1.8" />
    <property name="libraries.path" value="D:\NetBeansProjects\Container\lib\nblibraries.properties" />
    <property name="libs.EclipseLink-GlassFish-v5.javadoc" value="D:\NetBeans-12.2\netbeans\enterprise\docs\javaee-doc-api.jar" />
    <property name="java.vm.info" value="mixed mode" />
    <property name="libs.jaxws21.maven-pom" value="" />
    <property name="nb.junit.batch" value="true" />
    <property name="junit.forkmode" value="perTest" />
    <property name="ant.file.type.Container" value="file" />
    <property name="platform.java.tmp" value="${platforms.JDK_1.8.java}" />
    <property name="sun.boot.class.path" value="C:\Program Files\Java\jdk1.8.0_281\jre\lib\resources.jar;C:\Program Files\Java\jdk1.8.0_281\jre\lib\rt.jar;C:\Program Files\Java\jdk1.8.0_281\jre\lib\sunrsasign.jar;C:\Program Files\Java\jdk1.8.0_281\jre\lib\jsse.jar;C:\Program Files\Java\jdk1.8.0_281\jre\lib\jce.jar;C:\Program Files\Java\jdk1.8.0_281\jre\lib\charsets.jar;C:\Program Files\Java\jdk1.8.0_281\jre\lib\jfr.jar;C:\Program Files\Java\jdk1.8.0_281\jre\classes" />
    <property name="javac.target" value="1.8" />
    <property name="built-jar.properties" value="D:\NetBeansProjects\Container\build\built-jar.properties" />
    <property name="build.test.classes.dir" value="build/test/classes" />
    <property name="src.dir" value="src" />
    <property name="javac.test.compilerargs" value="" />
    <property name="sun.awt.keepWorkingSetOnMinimize" value="true" />
    <property name="annotation.processing.enabled" value="true" />
    <property name="libs.jsf20.src" value="" />
    <property name="libs.jpa20-persistence.src" value="" />
    <property name="libs.jsf12.src" value="" />
    <property name="libs.struts.javadoc" value="D:\NetBeans-12.2\netbeans\enterprise\docs\struts-1.3.10-javadoc.zip" />
    <property name="ignore.failing.tests" value="true" />
    <property name="libs.javaee-web-api-7.0.src" value="" />
    <property name="libs.primefaces.src" value="" />
    <property name="dist.dir" value="dist" />
    <property name="libs.groovy-all.javadoc" value="" />
    <property name="jlink.launcher" value="true" />
    <property name="testng.debug.mode" value="" />
    <property name="libs.groovy-all.classpath" value="D:\NetBeans-12.2\netbeans\groovy\modules\ext\groovy.jar;D:\NetBeans-12.2\netbeans\groovy\modules\ext\groovy-ant.jar" />
    <property name="jlink.additionalparam" value="" />
    <property name="java.awt.printerjob" value="sun.awt.windows.WPrinterJob" />
    <property name="default.javac.source" value="15" />
    <property name="debug-transport-by-os" value="dt_shmem" />
    <property name="sun.jnu.encoding" value="Cp1252" />
    <property name="libs.EclipseLink-GlassFish-v5.maven-pom" value="" />
    <property name="run.test.jvmargs" value="" />
    <property name="build.test.results.dir" value="build/test/results" />
    <property name="java.runtime.version" value="1.8.0_281-b09" />
    <property name="default.javac.target" value="15" />
    <property name="libs.junit_4.classpath" value="D:/NetBeansProjects/Container/lib/junit_4/junit-4.12.jar" />
    <property name="libs.hamcrest.prop-maven-dependencies" value="org.hamcrest:hamcrest-core:1.3:jar" />
    <property name="user.timezone" value="" />
    <property name="nb.junit.single" value="false" />
    <property name="libs.junit_4.displayName" value="JUnit 4.12" />
    <property name="libs.javaee-endorsed-api-6.0.maven-pom" value="" />
    <property name="netbeans.dirs" value="D:\NetBeans-12.2\netbeans\nb;D:\NetBeans-12.2\netbeans\ergonomics;D:\NetBeans-12.2\netbeans\ide;D:\NetBeans-12.2\netbeans\extide;D:\NetBeans-12.2\netbeans\java;D:\NetBeans-12.2\netbeans\apisupport;D:\NetBeans-12.2\netbeans\webcommon;D:\NetBeans-12.2\netbeans\websvccommon;D:\NetBeans-12.2\netbeans\enterprise;D:\NetBeans-12.2\netbeans\mobility;D:\NetBeans-12.2\netbeans\profiler;D:\NetBeans-12.2\netbeans\python;D:\NetBeans-12.2\netbeans\php;D:\NetBeans-12.2\netbeans\identity;D:\NetBeans-12.2\netbeans\harness;D:\NetBeans-12.2\netbeans\cnd;D:\NetBeans-12.2\netbeans\cndext;D:\NetBeans-12.2\netbeans\cpplite;D:\NetBeans-12.2\netbeans\dlight;D:\NetBeans-12.2\netbeans\groovy;D:\NetBeans-12.2\netbeans\extra;D:\NetBeans-12.2\netbeans\javacard;D:\NetBeans-12.2\netbeans\javafx" />
    <property name="libs.spring-framework500.maven-pom" value="" />
    <property name="ant.file.Container" value="D:\NetBeansProjects\Container\build.xml" />
    <property name="libs.jsf20.javadoc" value="D:\NetBeans-12.2\netbeans\enterprise\docs\javaee-doc-api.jar" />
    <property name="libs.jstl.javadoc" value="D:\NetBeans-12.2\netbeans\enterprise\docs\javaee-doc-api.jar" />
    <property name="java.ext.dirs" value="C:\Program Files\Java\jdk1.8.0_281\jre\lib\ext;C:\WINDOWS\Sun\Java\lib\ext" />
    <property name="libs.metro.src" value="" />
    <property name="libs.absolutelayout.classpath" value="D:\NetBeans-12.2\netbeans\java\modules\ext\AbsoluteLayout.jar" />
    <property name="excludes" value="" />
    <property name="libs.metro.classpath" value="D:\NetBeans-12.2\netbeans\ide\modules\ext\jaxb\activation.jar;D:\NetBeans-12.2\netbeans\enterprise\modules\ext\metro\webservices-api.jar;D:\NetBeans-12.2\netbeans\enterprise\modules\ext\metro\webservices-extra-api.jar;D:\NetBeans-12.2\netbeans\enterprise\modules\ext\metro\webservices-extra.jar;D:\NetBeans-12.2\netbeans\enterprise\modules\ext\metro\webservices-rt.jar;D:\NetBeans-12.2\netbeans\enterprise\modules\ext\metro\webservices-tools.jar" />
    <property name="libs.restlib.maven-pom" value="" />
    <property name="apple.laf.useScreenMenuBar" value="true" />
    <property name="java.class.path" value="D:\NetBeansProjects\Container\build\classes;D:\NetBeansProjects\Container\lib\junit_4\junit-4.12.jar;D:\NetBeansProjects\Container\lib\hamcrest\hamcrest-core-1.3.jar;D:\NetBeansProjects\Container\build\test\classes;D:\NetBeans-12.2\netbeans\extide\ant\lib\ant-launcher.jar;D:\NetBeans-12.2\netbeans\extide\ant\lib\ant.jar;D:\NetBeans-12.2\netbeans\extide\ant\lib\ant-junit.jar;D:\NetBeans-12.2\netbeans\extide\ant\lib\ant-junit4.jar" />
    <property name="libs.absolutelayout.src" value="" />
    <property name="libs.jpa20-persistence.classpath" value="D:\NetBeans-12.2\netbeans\java\modules\ext\eclipselink\javax.persistence-2.2.1.jar" />
    <property name="libs.junit_5.javadoc" value="D:\NetBeans-12.2\netbeans\platform\docs\junit-jupiter-api-5.6.0-javadoc.jar;D:\NetBeans-12.2\netbeans\platform\docs\junit-jupiter-params-5.6.0-javadoc.jar;D:\NetBeans-12.2\netbeans\platform\docs\junit-jupiter-engine-5.6.0-javadoc.jar" />
    <property name="libs.spring-framework500.src" value="" />
    <property name="os.version" value="10.0" />
    <property name="application.args" value="" />
    <property name="libs.jakartaee-api-8.0.javadoc" value="D:\NetBeans-12.2\netbeans\enterprise\docs\jakartaee8-doc-api.jar" />
    <property name="libs.javaee-api-7.0.maven-pom" value="" />
    <property name="main.class.available" value="true" />
    <property name="sun.awt.enableExtraMouseButtons" value="true" />
    <property name="sun.desktop" value="windows" />
    <property name="jlink.launcher.name" value="Container" />
    <property name="libs.restlib.javadoc" value="" />
    <property name="libs.JAXB-ENDORSED.classpath" value="D:\NetBeans-12.2\netbeans\ide\modules\ext\jaxb\api\jaxb-api.jar" />
    <property name="nb.internal.action.name" value="test.single" />
    <property name="run.test.modulepath" value="" />
    <property name="libs.javaee-api-7.0.javadoc" value="D:\NetBeans-12.2\netbeans\enterprise\docs\javaee-doc-api.jar" />
    <property name="libs.eclipselink.classpath" value="D:\NetBeans-12.2\netbeans\java\modules\ext\eclipselink\org.eclipse.persistence.core-2.7.7.jar;D:\NetBeans-12.2\netbeans\java\modules\ext\eclipselink\org.eclipse.persistence.asm-2.7.7.jar;D:\NetBeans-12.2\netbeans\java\modules\ext\eclipselink\org.eclipse.persistence.antlr-2.7.7.jar;D:\NetBeans-12.2\netbeans\java\modules\ext\eclipselink\org.eclipse.persistence.jpa-2.7.7.jar;D:\NetBeans-12.2\netbeans\java\modules\ext\eclipselink\org.eclipse.persistence.jpa.jpql-2.7.7.jar;D:\NetBeans-12.2\netbeans\java\modules\ext\eclipselink\org.eclipse.persistence.moxy-2.7.7.jar;D:\NetBeans-12.2\netbeans\java\modules\ext\eclipselink\javax.persistence-2.2.1.jar" />
    <property name="java.awt.graphicsenv" value="sun.awt.Win32GraphicsEnvironment" />
    <property name="java.vm.vendor" value="Oracle Corporation" />
    <property name="libs.CopyLibs.classpath" value="D:/NetBeansProjects/Container/lib/CopyLibs/org-netbeans-modules-java-j2seproject-copylibstask.jar" />
    <property name="libs.javaee-api-8.0.src" value="" />
    <property name="libs.spring-framework300.classpath" value="D:\NetBeans-12.2\netbeans\platform\modules\org-apache-commons-logging.jar;D:\NetBeans-12.2\netbeans\java\modules\ext\cglib-2.2.jar;D:\NetBeans-12.2\netbeans\java\modules\ext\spring-3.0\spring-aop-3.2.18.RELEASE.jar;D:\NetBeans-12.2\netbeans\java\modules\ext\spring-3.0\spring-aspects-3.2.18.RELEASE.jar;D:\NetBeans-12.2\netbeans\java\modules\ext\spring-3.0\spring-beans-3.2.18.RELEASE.jar;D:\NetBeans-12.2\netbeans\java\modules\ext\spring-3.0\spring-context-3.2.18.RELEASE.jar;D:\NetBeans-12.2\netbeans\java\modules\ext\spring-3.0\spring-context-support-3.2.18.RELEASE.jar;D:\NetBeans-12.2\netbeans\java\modules\ext\spring-3.0\spring-core-3.2.18.RELEASE.jar;D:\NetBeans-12.2\netbeans\java\modules\ext\spring-3.0\spring-expression-3.2.18.RELEASE.jar;D:\NetBeans-12.2\netbeans\java\modules\ext\spring-3.0\spring-instrument-3.2.18.RELEASE.jar;D:\NetBeans-12.2\netbeans\java\modules\ext\spring-3.0\spring-instrument-tomcat-3.2.18.RELEASE.jar;D:\NetBeans-12.2\netbeans\java\modules\ext\spring-3.0\spring-jdbc-3.2.18.RELEASE.jar;D:\NetBeans-12.2\netbeans\java\modules\ext\spring-3.0\spring-jms-3.2.18.RELEASE.jar;D:\NetBeans-12.2\netbeans\java\modules\ext\spring-3.0\spring-orm-3.2.18.RELEASE.jar;D:\NetBeans-12.2\netbeans\java\modules\ext\spring-3.0\spring-oxm-3.2.18.RELEASE.jar;D:\NetBeans-12.2\netbeans\java\modules\ext\spring-3.0\spring-struts-3.2.18.RELEASE.jar;D:\NetBeans-12.2\netbeans\java\modules\ext\spring-3.0\spring-test-3.2.18.RELEASE.jar;D:\NetBeans-12.2\netbeans\java\modules\ext\spring-3.0\spring-tx-3.2.18.RELEASE.jar;D:\NetBeans-12.2\netbeans\java\modules\ext\spring-3.0\spring-web-3.2.18.RELEASE.jar;D:\NetBeans-12.2\netbeans\java\modules\ext\spring-3.0\spring-webmvc-3.2.18.RELEASE.jar;D:\NetBeans-12.2\netbeans\java\modules\ext\spring-3.0\spring-webmvc-portlet-3.2.18.RELEASE.jar" />
    <property name="libs.jsp-compiler.maven-pom" value="" />
    <property name="libs.junit_5.maven-pom" value="" />
    <property name="libs.hamcrest.src" value="" />
    <property name="run.jvmargs" value="" />
    <property name="libs.JAXB-ENDORSED.src" value="" />
    <property name="dist.archive.excludes" value="" />
    <property name="libs.testng.javadoc" value="D:\NetBeans-12.2\netbeans\platform\docs\testng-6.13.1-javadoc.jar" />
    <property name="platforms.JDK_1.8.home" value="C:\Program Files\Java\jdk1.8.0_281" />
    <property name="user.script" value="" />
    <property name="libs.PostgreSQLDriver.classpath" value="D:\NetBeans-12.2\netbeans\ide\modules\ext\postgresql-42.2.16.jar" />
    <property name="libs.jsf12.maven-pom" value="" />
    <property name="annotation.processing.source.output" value="build/generated-sources/ap-source-output" />
    <property name="main.class" value="container.Main" />
    <property name="libs.CopyLibs.displayName" value="CopyLibs Task" />
    <property name="libs.CopyLibs.src" value="" />
    <property name="build.dir" value="build" />
    <property name="libs.jsp-compilation.classpath" value="D:\NetBeans-12.2\netbeans\extide\ant\lib\ant.jar;D:\NetBeans-12.2\netbeans\enterprise\modules\ext\servlet3.1-jsp2.3-api.jar;D:\NetBeans-12.2\netbeans\enterprise\modules\ext\glassfish-jspparser-4.0.jar;D:\NetBeans-12.2\netbeans\enterprise\modules\ext\jsf-2_2\javax.faces.jar;D:\NetBeans-12.2\netbeans\enterprise\modules\ext\jstl-api.jar;D:\NetBeans-12.2\netbeans\extide\ant\lib\ant-launcher.jar" />
    <property name="libs.javaee-web-api-8.0.javadoc" value="D:\NetBeans-12.2\netbeans\enterprise\docs\javaee-doc-api.jar" />
    <property name="debug.modulepath" value="" />
    <property name="ant.version" value="Apache Ant(TM) version 1.10.8 compiled on May 10 2020" />
    <property name="file.encoding" value="Cp1252" />
    <property name="build.classes.excludes" value="**/*.java,**/*.form" />
    <property name="javadoc.nonavbar" value="false" />
    <property name="libs.spring-webmvc4.0.classpath" value="D:\NetBeans-12.2\netbeans\java\modules\ext\spring-4\spring-webmvc-4.3.29.RELEASE.jar" />
    <property name="platform.active" value="JDK_1.8" />
    <property name="libs.javaee-web-api-8.0.maven-pom" value="" />
    <property name="awt.toolkit" value="sun.awt.windows.WToolkit" />
    <property name="libs.javaee-web-api-7.0.javadoc" value="D:\NetBeans-12.2\netbeans\enterprise\docs\javaee-doc-api.jar" />
  </properties>
  <testcase classname="container.PackageTest" name="testGetVolume" time="0.001" />
  <system-out><![CDATA[getVolume
]]></system-out>
  <system-err><![CDATA[]]></system-err>
</testsuite>
